SF:src\HZAM.jl
DA:5,6
LH:1
LF:1
end_of_record
SF:src\data_analysis.jl
DA:44,2
DA:49,2
DA:50,2
DA:52,2
DA:54,2
DA:58,2
DA:59,10
DA:60,2
DA:62,2
DA:64,2
DA:66,2
DA:103,4
DA:110,4
DA:111,4
DA:112,4
DA:114,4
DA:116,4
DA:121,4
DA:127,4
DA:133,4
DA:134,4
DA:140,4
DA:142,4
DA:150,4
DA:163,2
DA:164,2
DA:165,2
DA:166,2
DA:168,2
DA:169,2
DA:170,2
DA:172,2
DA:188,30
DA:189,330
DA:190,300
DA:193,30
DA:201,6
DA:202,1234
DA:203,1234
DA:206,6
DA:216,436
DA:218,436
DA:220,436
DA:229,36
DA:230,36
DA:231,36
DA:233,36
DA:235,36
DA:253,35492
DA:254,35492
DA:265,326
DA:266,326652
DA:267,326652
DA:269,326
DA:278,32
DA:279,32
DA:291,4
DA:292,4
DA:294,40
DA:295,40
DA:298,4
DA:299,36
DA:300,68
DA:301,4
DA:321,4
DA:326,4
DA:327,24
DA:331,4
DA:332,24
DA:336,32
DA:337,28
DA:338,28
DA:339,28
DA:342,4
DA:360,4
DA:365,32
DA:367,4
DA:368,28
DA:372,4
DA:374,4
DA:376,4
DA:390,66
DA:394,66
DA:396,66
DA:398,0
DA:401,4768
DA:402,12112
DA:406,0
DA:410,3366
DA:411,5198
DA:415,1144
DA:416,3300
DA:420,66
DA:439,6
DA:444,6
DA:445,6
DA:449,12
DA:451,6
DA:472,84
DA:478,84168
DA:479,84
DA:480,84
DA:481,84
DA:483,6544
DA:486,640
DA:489,84
DA:490,36
DA:492,48
DA:517,8
DA:524,8
DA:527,8
DA:531,12
DA:538,8
DA:559,28
DA:564,28
DA:565,20
DA:567,20
DA:569,480
DA:570,480
DA:572,260
DA:573,20
DA:574,20
DA:575,20
DA:577,8
DA:591,2
DA:595,2
DA:596,2
DA:598,2
DA:599,2
DA:601,4
DA:602,2
DA:604,20
DA:605,18
DA:608,2
DA:627,241
DA:632,241
DA:633,241
DA:635,482
DA:638,482
DA:641,241
DA:643,241
DA:644,1
DA:645,0
DA:646,0
DA:647,120
DA:649,0
DA:653,120
DA:659,4
DA:663,4
DA:664,4
DA:665,4
DA:666,4
DA:667,20
DA:668,116
DA:669,140
DA:670,28
DA:672,8
DA:673,20
DA:674,116
DA:675,136
DA:676,24
DA:678,4
DA:696,22
DA:697,22
DA:702,22
DA:703,22
DA:705,57
DA:706,57
DA:708,1939
DA:709,189821
DA:711,57
DA:712,114
DA:714,1939
DA:715,189821
DA:718,57
DA:720,4
DA:721,29
DA:722,25
DA:725,4
DA:726,4
DA:727,33
DA:728,25
DA:731,4
DA:733,4
DA:736,327
DA:741,327
DA:742,325
DA:743,2512
DA:744,2185
DA:747,2846
DA:748,327
DA:749,2504
DA:750,2179
DA:753,2513
DA:754,325
DA:768,1
DA:773,1
DA:774,2
DA:775,1
DA:776,1
DA:778,2
DA:779,1
DA:780,9
DA:781,50
DA:782,1
DA:784,4
DA:785,6
DA:786,19
DA:787,49
DA:788,1
DA:790,3
DA:791,6
DA:792,11
DA:794,1
DA:796,1
DA:806,2
DA:810,2
DA:811,2
DA:812,4
DA:813,2
DA:814,2
DA:815,4
DA:816,2
DA:817,12
DA:818,1610
DA:819,2
DA:820,2
DA:821,6
DA:823,10
DA:824,1608
DA:827,2
LH:226
LF:231
end_of_record
SF:src\mating.jl
DA:10,2010
DA:11,2010
DA:38,24
DA:45,24
DA:46,24
DA:47,24
DA:48,24
DA:51,2004
DA:52,2
DA:56,2002
DA:63,2002
DA:66,2002
DA:67,236
DA:68,236
DA:69,236
DA:71,2028
DA:73,24
DA:90,2204
DA:94,2204
DA:123,30
DA:131,30
DA:132,30
DA:134,30
DA:135,30
DA:157,6
DA:161,6
DA:162,6
DA:163,12
DA:165,18
DA:166,18
DA:167,30
DA:169,6
LH:32
LF:32
end_of_record
SF:src\plot_data.jl
DA:38,0
DA:43,0
DA:44,0
DA:46,0
DA:47,0
DA:48,0
DA:50,0
DA:60,0
DA:61,0
DA:64,0
DA:66,0
DA:67,0
DA:68,0
DA:70,0
DA:89,0
DA:95,0
DA:96,0
DA:98,0
DA:100,0
DA:102,0
DA:103,0
DA:106,0
DA:115,0
DA:117,0
DA:120,0
DA:127,0
DA:129,0
DA:130,0
DA:131,0
DA:132,0
DA:139,0
DA:144,0
DA:146,0
DA:147,0
DA:148,0
DA:162,0
DA:163,0
LH:0
LF:37
end_of_record
SF:src\population.jl
DA:25,209152
DA:26,209152
DA:38,220400
DA:39,220400
DA:40,220400
DA:41,220400
DA:57,2000
DA:58,2000
DA:59,2000
DA:61,4000
DA:62,2027
DA:63,2000
DA:64,2000
DA:65,2000
DA:66,2000
DA:67,2000
DA:113,2402
DA:121,2402
DA:123,2402
DA:125,4804
DA:130,2402
DA:137,110202
DA:139,2402
DA:145,2402
DA:146,2402
DA:148,2402
DA:181,32
DA:190,38
DA:191,44
DA:198,32
DA:199,32
DA:200,32
DA:201,32
DA:204,32
DA:239,2
DA:240,2
DA:242,2
DA:264,2
DA:273,2
DA:276,2
DA:279,2
DA:285,302
DA:288,2
DA:298,2
DA:301,2
DA:302,200
DA:307,200
DA:309,2
DA:341,0
DA:357,0
DA:358,0
DA:361,0
DA:362,0
DA:368,0
DA:371,0
DA:372,0
DA:377,0
DA:379,0
DA:389,406
DA:390,406
DA:391,406
DA:392,406
DA:408,2470
DA:409,2470
DA:413,2538
DA:415,2470
DA:429,2470
DA:430,2470
DA:433,2538
DA:435,2470
DA:452,16121
DA:453,16121
DA:454,16121
DA:456,16121
DA:457,1667
DA:458,14454
DA:459,6514
DA:461,7940
DA:464,17957
DA:465,2672
DA:466,13449
DA:467,3853
DA:469,9596
DA:472,16121
DA:495,206
DA:502,0
DA:510,432
DA:511,226
DA:514,0
DA:515,189
DA:521,16132
DA:522,0
DA:523,37
DA:531,206
DA:549,2420
DA:550,4840
DA:551,4840
DA:553,2420
DA:561,202
DA:562,202
DA:563,404
DA:567,202
DA:585,206
DA:592,206
DA:595,206
DA:598,206
DA:600,0
DA:603,422
DA:604,216
DA:605,432
DA:606,432
DA:607,3168
DA:608,444
DA:611,444
DA:615,6120
DA:616,216
DA:620,206
DA:623,206
DA:647,202
DA:655,202
DA:657,202
DA:658,202
DA:661,202
DA:667,202
DA:675,404
DA:676,202
DA:678,202
DA:680,0
DA:683,606
DA:684,404
DA:692,202
DA:693,202
DA:695,202
DA:696,202
DA:698,202
DA:700,202
DA:714,90
DA:718,90
DA:730,24
DA:734,24
DA:735,24
DA:736,24
DA:738,36
DA:739,24
DA:760,48
DA:765,48
DA:766,48
DA:767,24
LH:133
LF:148
end_of_record
SF:src\simulation.jl
DA:54,0
DA:65,0
DA:66,0
DA:67,0
DA:68,0
DA:69,0
DA:70,0
DA:71,0
DA:73,0
DA:76,0
DA:84,0
DA:87,0
DA:106,0
DA:107,0
DA:108,0
DA:109,0
DA:110,0
DA:111,0
DA:113,0
DA:119,0
DA:122,0
DA:123,0
DA:124,0
DA:125,0
DA:127,0
DA:135,0
DA:142,0
DA:144,0
DA:148,0
DA:153,0
DA:154,0
DA:156,0
DA:166,0
DA:169,0
DA:170,0
DA:171,0
DA:172,0
DA:173,0
DA:174,0
DA:175,0
DA:178,0
DA:179,0
DA:180,0
DA:181,0
DA:182,0
DA:183,0
DA:184,0
DA:185,0
DA:186,0
DA:188,0
DA:191,0
DA:192,0
DA:195,0
DA:197,0
DA:198,0
DA:199,0
DA:206,0
DA:208,0
DA:209,0
DA:210,0
DA:213,0
DA:216,0
DA:222,0
DA:236,0
DA:246,0
DA:249,0
DA:255,0
DA:256,0
DA:257,0
DA:261,0
DA:263,0
DA:272,0
DA:279,0
DA:286,0
DA:288,0
DA:289,0
DA:290,0
DA:293,0
DA:295,0
DA:297,0
DA:301,0
DA:302,0
DA:307,0
DA:309,0
DA:311,0
DA:312,0
DA:318,0
DA:319,0
DA:321,0
DA:325,0
DA:329,0
DA:332,0
DA:333,0
DA:334,0
DA:338,0
DA:344,0
DA:345,0
DA:346,0
DA:349,0
DA:355,0
DA:358,0
DA:359,0
DA:360,0
DA:362,0
DA:363,0
DA:367,0
DA:370,0
DA:371,0
DA:373,0
DA:375,0
DA:379,0
DA:385,0
DA:388,0
DA:394,0
DA:395,0
DA:399,0
DA:406,0
DA:407,0
DA:409,0
DA:417,0
DA:418,0
DA:430,0
DA:431,0
DA:437,0
DA:438,0
DA:439,0
DA:445,0
DA:458,0
DA:459,0
DA:463,0
DA:469,0
DA:470,0
DA:472,0
DA:480,0
DA:482,0
DA:483,0
DA:486,0
LH:0
LF:137
end_of_record
SF:src\summarize_data.jl
DA:30,0
DA:52,0
DA:54,0
DA:56,0
DA:57,0
DA:58,0
DA:59,0
DA:61,0
DA:62,0
DA:63,0
DA:64,0
DA:68,0
DA:70,0
DA:73,0
DA:76,0
DA:77,0
DA:78,0
DA:79,0
DA:80,0
DA:82,0
DA:85,0
DA:86,0
DA:91,0
DA:97,0
DA:115,0
DA:116,0
DA:118,0
DA:119,0
DA:120,0
DA:121,0
DA:122,0
DA:124,0
DA:132,0
DA:133,0
DA:134,0
DA:135,0
DA:137,0
DA:139,0
DA:140,0
DA:141,0
DA:144,0
DA:145,0
DA:146,0
DA:147,0
DA:149,0
DA:150,0
DA:152,0
DA:154,0
DA:158,0
DA:159,0
DA:161,0
DA:162,0
DA:163,0
DA:164,0
DA:165,0
DA:166,0
DA:167,0
DA:169,0
DA:173,0
DA:174,0
DA:175,0
DA:176,0
DA:177,0
DA:179,0
DA:180,0
DA:181,0
DA:182,0
DA:184,0
DA:186,0
DA:188,0
DA:190,0
DA:195,0
DA:196,0
DA:198,0
DA:199,0
DA:201,0
DA:202,0
DA:203,0
DA:204,0
DA:206,0
DA:207,0
DA:208,0
DA:210,0
DA:211,0
DA:212,0
DA:213,0
DA:214,0
DA:215,0
DA:216,0
DA:220,0
DA:221,0
DA:225,0
DA:226,0
DA:228,0
DA:230,0
DA:231,0
DA:232,0
DA:233,0
DA:235,0
DA:237,0
DA:238,0
DA:239,0
DA:243,0
DA:244,0
DA:248,0
DA:249,0
DA:251,0
DA:252,0
DA:253,0
DA:258,0
DA:259,0
DA:260,0
DA:261,0
DA:262,0
DA:263,0
DA:264,0
DA:265,0
DA:266,0
DA:267,0
DA:268,0
DA:269,0
DA:271,0
DA:273,0
DA:278,0
DA:279,0
DA:281,0
DA:285,0
DA:286,0
DA:287,0
DA:288,0
DA:290,0
DA:292,0
DA:294,0
DA:298,0
DA:299,0
DA:300,0
DA:301,0
DA:302,0
DA:306,0
DA:307,0
DA:308,0
DA:309,0
DA:310,0
DA:314,0
DA:315,0
DA:317,0
DA:320,0
DA:321,0
DA:322,0
DA:325,0
DA:327,0
DA:329,0
DA:331,0
DA:332,0
DA:333,0
DA:337,0
DA:338,0
DA:339,0
DA:341,0
DA:343,0
DA:344,0
DA:346,0
DA:347,0
DA:348,0
DA:350,0
DA:351,0
DA:352,0
DA:353,0
DA:355,0
DA:357,0
DA:361,0
DA:362,0
DA:363,0
DA:365,0
DA:366,0
DA:367,0
DA:368,0
DA:369,0
DA:370,0
DA:373,0
DA:378,0
DA:379,0
DA:381,0
DA:386,0
DA:388,0
DA:390,0
DA:391,0
DA:392,0
DA:394,0
DA:395,0
DA:397,0
DA:398,0
DA:400,0
DA:401,0
DA:402,0
DA:403,0
DA:406,0
DA:408,0
DA:410,0
DA:411,0
DA:412,0
DA:414,0
DA:418,0
DA:419,0
DA:420,0
DA:421,0
DA:424,0
DA:425,0
DA:426,0
DA:427,0
DA:429,0
DA:431,0
DA:432,0
DA:436,0
DA:437,0
DA:438,0
DA:439,0
DA:442,0
DA:443,0
DA:444,0
DA:445,0
DA:447,0
DA:449,0
DA:450,0
DA:454,0
DA:455,0
DA:456,0
DA:457,0
DA:460,0
DA:461,0
DA:462,0
DA:463,0
DA:465,0
DA:467,0
DA:468,0
DA:473,0
DA:474,0
DA:475,0
DA:476,0
DA:479,0
DA:480,0
DA:481,0
DA:482,0
DA:484,0
DA:486,0
DA:487,0
DA:492,0
DA:493,0
DA:494,0
DA:495,0
DA:498,0
DA:499,0
DA:500,0
DA:501,0
DA:503,0
DA:505,0
DA:506,0
DA:509,0
DA:511,0
DA:512,0
DA:513,0
DA:514,0
DA:515,0
DA:516,0
DA:518,0
DA:519,0
DA:520,0
DA:526,0
DA:532,0
DA:533,0
DA:535,0
DA:536,0
DA:537,0
DA:539,0
DA:546,0
DA:554,0
DA:562,0
DA:570,0
DA:579,0
DA:588,0
DA:589,0
DA:590,0
DA:593,0
DA:594,0
DA:595,0
DA:596,0
DA:597,0
DA:600,0
DA:601,0
DA:602,0
DA:605,0
DA:607,0
DA:608,0
DA:609,0
DA:611,0
DA:612,0
DA:613,0
DA:615,0
DA:616,0
DA:617,0
DA:618,0
DA:619,0
DA:620,0
DA:622,0
DA:631,0
DA:632,0
DA:634,0
DA:635,0
DA:636,0
DA:638,0
DA:641,0
DA:648,0
DA:651,0
DA:652,0
DA:653,0
DA:656,0
DA:657,0
DA:658,0
DA:659,0
DA:660,0
DA:663,0
DA:664,0
DA:665,0
DA:668,0
DA:671,0
DA:672,0
DA:673,0
DA:675,0
DA:676,0
DA:677,0
DA:679,0
DA:680,0
DA:681,0
DA:682,0
DA:683,0
DA:684,0
DA:686,0
DA:695,0
DA:696,0
DA:697,0
DA:699,0
DA:700,0
DA:701,0
DA:705,0
DA:706,0
DA:708,0
DA:709,0
DA:710,0
DA:713,0
DA:715,0
DA:716,0
DA:717,0
DA:718,0
DA:721,0
DA:722,0
DA:723,0
DA:726,0
DA:727,0
DA:730,0
DA:732,0
DA:735,0
DA:736,0
DA:737,0
DA:738,0
DA:741,0
DA:742,0
DA:743,0
DA:744,0
DA:745,0
DA:746,0
DA:748,0
DA:749,0
DA:752,0
DA:753,0
DA:754,0
DA:755,0
DA:756,0
DA:757,0
DA:758,0
DA:759,0
DA:760,0
DA:763,0
DA:764,0
DA:765,0
DA:770,0
DA:771,0
DA:772,0
DA:777,0
DA:778,0
DA:779,0
DA:780,0
DA:781,0
DA:782,0
DA:783,0
DA:784,0
DA:785,0
DA:786,0
DA:800,0
DA:801,0
DA:802,0
DA:803,0
DA:804,0
DA:805,0
DA:808,0
DA:809,0
DA:810,0
DA:811,0
DA:812,0
DA:813,0
DA:815,0
DA:816,0
DA:817,0
DA:819,0
DA:820,0
DA:821,0
DA:823,0
DA:828,0
DA:833,0
DA:838,0
DA:844,0
DA:845,0
DA:846,0
DA:847,0
DA:849,0
DA:851,0
DA:852,0
DA:853,0
DA:854,0
DA:856,0
DA:857,0
DA:859,0
DA:862,0
DA:863,0
DA:864,0
DA:866,0
DA:867,0
DA:868,0
DA:869,0
DA:871,0
DA:872,0
DA:873,0
DA:874,0
DA:875,0
DA:877,0
DA:879,0
DA:881,0
DA:882,0
DA:883,0
DA:884,0
DA:886,0
DA:887,0
DA:889,0
DA:890,0
DA:893,0
DA:894,0
DA:896,0
DA:898,0
DA:900,0
DA:901,0
DA:902,0
DA:903,0
DA:904,0
DA:905,0
DA:906,0
DA:907,0
DA:909,0
DA:910,0
DA:911,0
DA:913,0
DA:914,0
DA:915,0
DA:916,0
DA:917,0
DA:918,0
DA:919,0
DA:920,0
DA:923,0
DA:924,0
DA:925,0
DA:926,0
DA:927,0
DA:928,0
DA:929,0
DA:930,0
DA:932,0
DA:933,0
DA:934,0
DA:935,0
DA:936,0
DA:937,0
DA:938,0
DA:939,0
DA:942,0
DA:943,0
DA:944,0
DA:946,0
DA:947,0
DA:948,0
DA:950,0
DA:951,0
DA:952,0
DA:953,0
DA:954,0
DA:956,0
LH:0
LF:504
end_of_record
