SF:src\HZAM.jl
LH:0
LF:0
end_of_record
SF:src\data_analysis.jl
DA:44,1
DA:49,1
DA:50,1
DA:52,1
DA:54,1
DA:58,1
DA:59,5
DA:60,1
DA:62,1
DA:64,1
DA:66,1
DA:103,2
DA:110,2
DA:111,2
DA:112,2
DA:114,2
DA:116,2
DA:121,2
DA:127,2
DA:133,2
DA:134,2
DA:140,2
DA:142,2
DA:150,2
DA:163,1
DA:164,1
DA:165,1
DA:166,1
DA:168,1
DA:169,1
DA:170,1
DA:172,1
DA:188,15
DA:189,165
DA:190,150
DA:193,15
DA:201,3
DA:202,617
DA:203,617
DA:206,3
DA:216,218
DA:218,218
DA:220,218
DA:229,18
DA:230,18
DA:231,18
DA:233,18
DA:235,18
DA:253,17746
DA:254,17746
DA:265,163
DA:266,163326
DA:267,163326
DA:269,163
DA:278,16
DA:279,16
DA:291,2
DA:292,2
DA:294,20
DA:295,20
DA:298,2
DA:299,18
DA:300,34
DA:301,2
DA:321,2
DA:326,2
DA:327,12
DA:331,2
DA:332,12
DA:336,16
DA:337,14
DA:338,14
DA:339,14
DA:342,2
DA:360,2
DA:365,16
DA:367,2
DA:368,14
DA:372,2
DA:374,2
DA:376,2
DA:390,33
DA:394,33
DA:396,33
DA:398,0
DA:401,2384
DA:402,6056
DA:406,0
DA:410,1683
DA:411,2599
DA:415,572
DA:416,1650
DA:420,33
DA:439,3
DA:444,3
DA:445,3
DA:449,6
DA:451,3
DA:472,42
DA:478,42084
DA:479,42
DA:480,42
DA:481,42
DA:483,3272
DA:486,320
DA:489,42
DA:490,18
DA:492,24
DA:517,4
DA:524,4
DA:527,4
DA:531,6
DA:538,4
DA:559,14
DA:564,14
DA:565,10
DA:567,10
DA:569,240
DA:570,240
DA:572,130
DA:573,10
DA:574,10
DA:575,10
DA:577,4
DA:591,1
DA:595,1
DA:596,1
DA:598,1
DA:599,1
DA:601,2
DA:602,1
DA:604,10
DA:605,9
DA:608,1
DA:627,120
DA:632,120
DA:633,120
DA:635,240
DA:638,240
DA:641,120
DA:643,120
DA:644,0
DA:645,0
DA:646,0
DA:647,0
DA:649,0
DA:653,120
DA:665,4
DA:669,4
DA:670,4
DA:672,4
DA:673,20
DA:674,116
DA:675,136
DA:676,24
DA:678,4
DA:702,22
DA:703,22
DA:711,57
DA:712,57
DA:714,1939
DA:715,189821
DA:718,57
DA:726,4
DA:727,29
DA:728,25
DA:731,4
DA:733,4
DA:742,325
DA:747,325
DA:749,2504
DA:750,2179
DA:753,2513
DA:754,325
DA:774,1
DA:779,1
DA:780,1
DA:781,1
DA:782,1
DA:784,2
DA:786,8
DA:787,49
DA:790,2
DA:791,6
DA:792,11
DA:794,1
DA:796,1
DA:812,2
DA:816,2
DA:817,2
DA:818,2
DA:819,2
DA:820,2
DA:821,4
DA:823,10
DA:824,1608
DA:827,2
LH:190
LF:197
end_of_record
SF:src\mating.jl
DA:10,1005
DA:11,1005
DA:38,12
DA:45,12
DA:46,12
DA:47,12
DA:48,12
DA:51,1002
DA:52,1
DA:56,1001
DA:63,1001
DA:66,1001
DA:67,116
DA:68,116
DA:69,116
DA:71,1014
DA:73,12
DA:90,1102
DA:94,1102
DA:123,15
DA:131,15
DA:132,15
DA:134,15
DA:135,15
DA:157,3
DA:161,3
DA:162,3
DA:163,6
DA:165,9
DA:166,9
DA:167,15
DA:169,3
LH:32
LF:32
end_of_record
SF:src\plot_data.jl
DA:38,0
DA:43,0
DA:44,0
DA:46,0
DA:47,0
DA:48,0
DA:50,0
DA:60,0
DA:61,0
DA:64,0
DA:66,0
DA:67,0
DA:68,0
DA:70,0
DA:89,0
DA:95,0
DA:96,0
DA:98,0
DA:100,0
DA:102,0
DA:103,0
DA:106,0
DA:115,0
DA:117,0
DA:120,0
DA:127,0
DA:129,0
DA:130,0
DA:131,0
DA:132,0
DA:139,0
DA:144,0
DA:146,0
DA:147,0
DA:148,0
DA:162,0
DA:163,0
LH:0
LF:37
end_of_record
SF:src\population.jl
DA:25,104576
DA:26,104576
DA:38,110200
DA:39,110200
DA:40,110200
DA:41,110200
DA:57,1000
DA:58,1000
DA:59,1000
DA:61,2000
DA:62,1012
DA:63,1000
DA:64,1000
DA:65,1000
DA:66,1000
DA:67,1000
DA:113,1201
DA:121,1201
DA:123,1201
DA:125,2402
DA:130,1201
DA:137,55101
DA:139,1201
DA:145,1201
DA:146,1201
DA:148,1201
DA:181,16
DA:190,19
DA:191,22
DA:198,16
DA:199,16
DA:200,16
DA:201,16
DA:204,16
DA:239,1
DA:240,1
DA:242,1
DA:264,1
DA:273,1
DA:276,1
DA:279,1
DA:285,151
DA:288,1
DA:298,1
DA:301,1
DA:302,100
DA:307,100
DA:309,1
DA:341,0
DA:357,0
DA:358,0
DA:361,0
DA:362,0
DA:368,0
DA:371,0
DA:372,0
DA:377,0
DA:379,0
DA:389,203
DA:390,203
DA:391,203
DA:392,203
DA:408,1235
DA:409,1235
DA:413,1269
DA:415,1235
DA:429,1235
DA:430,1235
DA:433,1269
DA:435,1235
DA:452,7213
DA:453,7213
DA:454,7213
DA:456,7213
DA:457,1783
DA:458,5430
DA:459,3170
DA:461,2260
DA:464,8326
DA:465,1456
DA:466,5757
DA:467,664
DA:469,5093
DA:472,7213
DA:495,103
DA:502,0
DA:510,216
DA:511,113
DA:514,0
DA:515,95
DA:521,7218
DA:522,0
DA:523,18
DA:531,103
DA:549,1210
DA:550,2420
DA:551,2420
DA:553,1210
DA:561,101
DA:562,101
DA:563,202
DA:567,101
DA:585,103
DA:592,103
DA:595,103
DA:598,103
DA:600,0
DA:603,211
DA:604,108
DA:605,216
DA:606,216
DA:607,1584
DA:608,214
DA:611,214
DA:615,3060
DA:616,108
DA:620,103
DA:623,103
DA:647,101
DA:655,101
DA:657,101
DA:658,101
DA:661,101
DA:667,101
DA:675,202
DA:676,101
DA:678,101
DA:680,0
DA:683,303
DA:684,202
DA:692,101
DA:693,101
DA:695,101
DA:696,101
DA:698,101
DA:700,101
DA:714,45
DA:718,45
DA:730,12
DA:734,12
DA:735,12
DA:736,12
DA:738,18
DA:739,12
DA:760,24
DA:765,24
DA:766,24
DA:767,12
LH:133
LF:148
end_of_record
SF:src\simulation.jl
DA:54,0
DA:65,0
DA:66,0
DA:67,0
DA:68,0
DA:69,0
DA:70,0
DA:71,0
DA:73,0
DA:76,0
DA:84,0
DA:87,0
DA:106,0
DA:107,0
DA:108,0
DA:109,0
DA:110,0
DA:111,0
DA:113,0
DA:119,0
DA:122,0
DA:123,0
DA:124,0
DA:125,0
DA:127,0
DA:135,0
DA:142,0
DA:144,0
DA:148,0
DA:153,0
DA:154,0
DA:156,0
DA:166,0
DA:169,0
DA:170,0
DA:171,0
DA:172,0
DA:173,0
DA:174,0
DA:175,0
DA:178,0
DA:179,0
DA:180,0
DA:181,0
DA:182,0
DA:183,0
DA:184,0
DA:185,0
DA:186,0
DA:188,0
DA:191,0
DA:192,0
DA:195,0
DA:197,0
DA:198,0
DA:199,0
DA:206,0
DA:208,0
DA:209,0
DA:210,0
DA:213,0
DA:216,0
DA:222,0
DA:236,0
DA:246,0
DA:249,0
DA:255,0
DA:256,0
DA:257,0
DA:261,0
DA:263,0
DA:272,0
DA:279,0
DA:286,0
DA:288,0
DA:289,0
DA:290,0
DA:293,0
DA:295,0
DA:297,0
DA:301,0
DA:302,0
DA:307,0
DA:309,0
DA:311,0
DA:312,0
DA:318,0
DA:319,0
DA:321,0
DA:325,0
DA:329,0
DA:332,0
DA:333,0
DA:334,0
DA:338,0
DA:344,0
DA:345,0
DA:346,0
DA:349,0
DA:355,0
DA:358,0
DA:359,0
DA:360,0
DA:362,0
DA:363,0
DA:367,0
DA:370,0
DA:371,0
DA:373,0
DA:375,0
DA:379,0
DA:385,0
DA:388,0
DA:394,0
DA:395,0
DA:399,0
DA:406,0
DA:407,0
DA:409,0
DA:417,0
DA:418,0
DA:430,0
DA:431,0
DA:437,0
DA:438,0
DA:439,0
DA:445,0
DA:458,0
DA:459,0
DA:463,0
DA:469,0
DA:470,0
DA:472,0
DA:480,0
DA:482,0
DA:483,0
DA:486,0
LH:0
LF:137
end_of_record
SF:src\summarize_data.jl
DA:30,0
DA:52,0
DA:54,0
DA:56,0
DA:57,0
DA:58,0
DA:59,0
DA:61,0
DA:62,0
DA:63,0
DA:64,0
DA:68,0
DA:70,0
DA:73,0
DA:76,0
DA:77,0
DA:78,0
DA:79,0
DA:80,0
DA:82,0
DA:85,0
DA:86,0
DA:91,0
DA:97,0
DA:115,0
DA:116,0
DA:118,0
DA:119,0
DA:120,0
DA:121,0
DA:122,0
DA:124,0
DA:132,0
DA:133,0
DA:134,0
DA:135,0
DA:137,0
DA:139,0
DA:140,0
DA:141,0
DA:144,0
DA:145,0
DA:146,0
DA:147,0
DA:149,0
DA:150,0
DA:152,0
DA:154,0
DA:158,0
DA:159,0
DA:161,0
DA:162,0
DA:163,0
DA:164,0
DA:165,0
DA:166,0
DA:167,0
DA:169,0
DA:173,0
DA:174,0
DA:175,0
DA:176,0
DA:177,0
DA:179,0
DA:180,0
DA:181,0
DA:182,0
DA:184,0
DA:186,0
DA:188,0
DA:190,0
DA:195,0
DA:196,0
DA:198,0
DA:199,0
DA:201,0
DA:202,0
DA:203,0
DA:204,0
DA:206,0
DA:207,0
DA:208,0
DA:210,0
DA:211,0
DA:212,0
DA:213,0
DA:214,0
DA:215,0
DA:216,0
DA:220,0
DA:221,0
DA:225,0
DA:226,0
DA:228,0
DA:230,0
DA:231,0
DA:232,0
DA:233,0
DA:235,0
DA:237,0
DA:238,0
DA:239,0
DA:243,0
DA:244,0
DA:248,0
DA:249,0
DA:251,0
DA:252,0
DA:253,0
DA:258,0
DA:259,0
DA:260,0
DA:261,0
DA:262,0
DA:263,0
DA:264,0
DA:265,0
DA:266,0
DA:267,0
DA:268,0
DA:269,0
DA:271,0
DA:273,0
DA:278,0
DA:279,0
DA:281,0
DA:285,0
DA:286,0
DA:287,0
DA:288,0
DA:290,0
DA:292,0
DA:294,0
DA:298,0
DA:299,0
DA:300,0
DA:301,0
DA:302,0
DA:306,0
DA:307,0
DA:308,0
DA:309,0
DA:310,0
DA:314,0
DA:315,0
DA:317,0
DA:320,0
DA:321,0
DA:322,0
DA:325,0
DA:327,0
DA:329,0
DA:331,0
DA:332,0
DA:333,0
DA:337,0
DA:338,0
DA:339,0
DA:341,0
DA:343,0
DA:344,0
DA:346,0
DA:347,0
DA:348,0
DA:350,0
DA:351,0
DA:352,0
DA:353,0
DA:355,0
DA:357,0
DA:361,0
DA:362,0
DA:363,0
DA:365,0
DA:366,0
DA:367,0
DA:368,0
DA:369,0
DA:370,0
DA:373,0
DA:378,0
DA:379,0
DA:381,0
DA:386,0
DA:388,0
DA:390,0
DA:391,0
DA:392,0
DA:394,0
DA:395,0
DA:397,0
DA:398,0
DA:400,0
DA:401,0
DA:402,0
DA:403,0
DA:406,0
DA:408,0
DA:410,0
DA:411,0
DA:412,0
DA:414,0
DA:418,0
DA:419,0
DA:420,0
DA:421,0
DA:424,0
DA:425,0
DA:426,0
DA:427,0
DA:429,0
DA:431,0
DA:432,0
DA:436,0
DA:437,0
DA:438,0
DA:439,0
DA:442,0
DA:443,0
DA:444,0
DA:445,0
DA:447,0
DA:449,0
DA:450,0
DA:454,0
DA:455,0
DA:456,0
DA:457,0
DA:460,0
DA:461,0
DA:462,0
DA:463,0
DA:465,0
DA:467,0
DA:468,0
DA:473,0
DA:474,0
DA:475,0
DA:476,0
DA:479,0
DA:480,0
DA:481,0
DA:482,0
DA:484,0
DA:486,0
DA:487,0
DA:492,0
DA:493,0
DA:494,0
DA:495,0
DA:498,0
DA:499,0
DA:500,0
DA:501,0
DA:503,0
DA:505,0
DA:506,0
DA:509,0
DA:511,0
DA:512,0
DA:513,0
DA:514,0
DA:515,0
DA:516,0
DA:518,0
DA:519,0
DA:520,0
DA:526,0
DA:532,0
DA:533,0
DA:535,0
DA:536,0
DA:537,0
DA:539,0
DA:546,0
DA:554,0
DA:562,0
DA:570,0
DA:579,0
DA:588,0
DA:589,0
DA:590,0
DA:593,0
DA:594,0
DA:595,0
DA:596,0
DA:597,0
DA:600,0
DA:601,0
DA:602,0
DA:605,0
DA:607,0
DA:608,0
DA:609,0
DA:611,0
DA:612,0
DA:613,0
DA:615,0
DA:616,0
DA:617,0
DA:618,0
DA:619,0
DA:620,0
DA:622,0
DA:631,0
DA:632,0
DA:634,0
DA:635,0
DA:636,0
DA:638,0
DA:641,0
DA:648,0
DA:651,0
DA:652,0
DA:653,0
DA:656,0
DA:657,0
DA:658,0
DA:659,0
DA:660,0
DA:663,0
DA:664,0
DA:665,0
DA:668,0
DA:671,0
DA:672,0
DA:673,0
DA:675,0
DA:676,0
DA:677,0
DA:679,0
DA:680,0
DA:681,0
DA:682,0
DA:683,0
DA:684,0
DA:686,0
DA:695,0
DA:696,0
DA:697,0
DA:699,0
DA:700,0
DA:701,0
DA:705,0
DA:706,0
DA:708,0
DA:709,0
DA:710,0
DA:713,0
DA:715,0
DA:716,0
DA:717,0
DA:718,0
DA:721,0
DA:722,0
DA:723,0
DA:726,0
DA:727,0
DA:730,0
DA:732,0
DA:735,0
DA:736,0
DA:737,0
DA:738,0
DA:741,0
DA:742,0
DA:743,0
DA:744,0
DA:745,0
DA:746,0
DA:748,0
DA:749,0
DA:752,0
DA:753,0
DA:754,0
DA:755,0
DA:756,0
DA:757,0
DA:758,0
DA:759,0
DA:760,0
DA:763,0
DA:764,0
DA:765,0
DA:770,0
DA:771,0
DA:772,0
DA:777,0
DA:778,0
DA:779,0
DA:780,0
DA:781,0
DA:782,0
DA:783,0
DA:784,0
DA:785,0
DA:786,0
DA:800,0
DA:801,0
DA:802,0
DA:803,0
DA:804,0
DA:805,0
DA:808,0
DA:809,0
DA:810,0
DA:811,0
DA:812,0
DA:813,0
DA:815,0
DA:816,0
DA:817,0
DA:819,0
DA:820,0
DA:821,0
DA:823,0
DA:828,0
DA:833,0
DA:838,0
DA:844,0
DA:845,0
DA:846,0
DA:847,0
DA:849,0
DA:851,0
DA:852,0
DA:853,0
DA:854,0
DA:856,0
DA:857,0
DA:859,0
DA:862,0
DA:863,0
DA:864,0
DA:866,0
DA:867,0
DA:868,0
DA:869,0
DA:871,0
DA:872,0
DA:873,0
DA:874,0
DA:875,0
DA:877,0
DA:879,0
DA:881,0
DA:882,0
DA:883,0
DA:884,0
DA:886,0
DA:887,0
DA:889,0
DA:890,0
DA:893,0
DA:894,0
DA:896,0
DA:898,0
DA:900,0
DA:901,0
DA:902,0
DA:903,0
DA:904,0
DA:905,0
DA:906,0
DA:907,0
DA:909,0
DA:910,0
DA:911,0
DA:913,0
DA:914,0
DA:915,0
DA:916,0
DA:917,0
DA:918,0
DA:919,0
DA:920,0
DA:923,0
DA:924,0
DA:925,0
DA:926,0
DA:927,0
DA:928,0
DA:929,0
DA:930,0
DA:932,0
DA:933,0
DA:934,0
DA:935,0
DA:936,0
DA:937,0
DA:938,0
DA:939,0
DA:942,0
DA:943,0
DA:944,0
DA:946,0
DA:947,0
DA:948,0
DA:950,0
DA:951,0
DA:952,0
DA:953,0
DA:954,0
DA:956,0
LH:0
LF:504
end_of_record
